<?xml version="1.0" encoding="UTF-8"?>
<!-- Generated by org.testng.reporters.JUnitReportReporter -->
<testsuite hostname="PC-ARIFIN" failures="0" tests="4" name="com.orangehrm.tests.ForgotPasswordPageTest" time="40.381" errors="0" timestamp="2025-03-30T16:58:45 ICT" skipped="0">
  <testcase classname="com.orangehrm.tests.ForgotPasswordPageTest" name="testCancelButton" time="10.321"/>
  <testcase classname="com.orangehrm.tests.ForgotPasswordPageTest" name="testLeaveUsernameEmpty" time="8.984"/>
  <testcase classname="com.orangehrm.tests.ForgotPasswordPageTest" name="testForgotPasswordHeaderText" time="10.429"/>
  <testcase classname="com.orangehrm.tests.ForgotPasswordPageTest" name="shouldAllowPasswordResetForValidUsername" time="10.647"/>
</testsuite> <!-- com.orangehrm.tests.ForgotPasswordPageTest -->
