<?xml version="1.0" encoding="UTF-8"?>
<!-- Generated by org.testng.reporters.JUnitReportReporter -->
<testsuite hostname="PC-ARIFIN" failures="0" tests="1" name="com.orangehrm.tests.ForgotPasswordPageTest" time="10.605" errors="0" timestamp="2025-03-28T15:45:24 ICT" skipped="0">
  <testcase classname="com.orangehrm.tests.ForgotPasswordPageTest" name="testForgotPasswordHeaderText" time="10.605"/>
</testsuite> <!-- com.orangehrm.tests.ForgotPasswordPageTest -->
