<?xml version="1.0" encoding="UTF-8"?>
<!-- Generated by org.testng.reporters.JUnitReportReporter -->
<testsuite hostname="PC-ARIFIN" failures="0" tests="1" name="com.orangehrm.tests.DashboardPageTest" time="11.542" errors="0" timestamp="2025-03-30T22:53:19 ICT" skipped="0">
  <testcase classname="com.orangehrm.tests.DashboardPageTest" name="testChangePasswordWithValidCredentials" time="11.542"/>
</testsuite> <!-- com.orangehrm.tests.DashboardPageTest -->
